
2025-05-04 00:05:04,974 - root - INFO -  find todo:<model.todo_model.Todo object at 0x0000018933456190>
2025-05-04 00:08:41,049 - root - INFO -  find todo:<model.todo_model.Todo object at 0x0000018933455FD0>
2025-05-04 00:08:55,979 - root - INFO -  find todo:<model.todo_model.Todo object at 0x0000018933455D30>
2025-05-04 00:09:47,052 - root - INFO -  find todo:<model.todo_model.Todo object at 0x0000018933455FD0>
2025-05-04 00:10:01,212 - root - INFO -  find todo:<model.todo_model.Todo object at 0x0000018933455B00>
2025-05-04 00:11:34,338 - root - INFO -  find todo:<model.todo_model.Todo object at 0x0000018933455D30>
2025-05-04 00:11:41,376 - root - INFO -  find todo:<model.todo_model.Todo object at 0x00000189334560B0>
2025-05-04 00:12:25,790 - root - INFO -  find todo:<model.todo_model.Todo object at 0x0000018933455FD0>
2025-05-04 00:13:20,960 - root - INFO -  find todo:<model.todo_model.Todo object at 0x0000018933455C50>
2025-05-04 00:14:14,836 - root - INFO -  find todo:<model.todo_model.Todo object at 0x0000018933455E80>
2025-05-04 00:14:19,474 - root - INFO -  find todo:<model.todo_model.Todo object at 0x0000018933454360>
2025-05-04 00:14:24,472 - root - INFO -  find todo:<model.todo_model.Todo object at 0x0000018933456120>
2025-05-04 00:15:16,851 - root - INFO -  find todo:<model.todo_model.Todo object at 0x0000018933456190>
2025-05-04 00:15:25,857 - root - INFO -  find todo:<model.todo_model.Todo object at 0x0000018933455BE0>
2025-05-04 00:22:03,208 - root - INFO -  find todo:<model.todo_model.Todo object at 0x0000018933455DA0>
2025-05-04 00:22:39,783 - root - INFO -  find todo:<model.todo_model.Todo object at 0x0000018933456120>
2025-05-04 00:23:05,633 - root - INFO -  find todo:<model.todo_model.Todo object at 0x0000018933455F60>
2025-05-04 09:54:27,234 - root - INFO -  find todo:<model.todo_model.Todo object at 0x0000027531CF5480>
2025-05-04 09:54:35,611 - root - INFO -  find todo:<model.todo_model.Todo object at 0x0000027531D21EB0>
2025-05-04 09:54:51,059 - root - INFO -  find todo:<model.todo_model.Todo object at 0x0000027531D1A3F0>
2025-05-04 09:54:54,857 - root - INFO -  find todo:<model.todo_model.Todo object at 0x0000027531D1A8A0>
2025-05-04 09:54:56,430 - root - INFO -  find todo:<model.todo_model.Todo object at 0x0000027531D2AC10>
2025-05-04 09:55:00,409 - root - INFO -  find todo:<model.todo_model.Todo object at 0x0000027531D2BAF0>
2025-05-04 09:55:39,524 - root - INFO -  find todo:<model.todo_model.Todo object at 0x0000027531D41F50>
2025-05-04 09:55:44,948 - root - INFO -  find todo:<model.todo_model.Todo object at 0x0000027531D42350>
2025-05-04 09:55:45,981 - root - INFO -  find todo:<model.todo_model.Todo object at 0x0000027531D01E80>
2025-05-04 09:55:46,561 - root - INFO -  find todo:<model.todo_model.Todo object at 0x0000027531D003D0>
2025-05-04 19:14:52,190 - root - INFO -  find todo:<model.todo_model.Todo object at 0x0000018A2E785350>
2025-05-04 19:14:55,606 - root - INFO -  find todo:<model.todo_model.Todo object at 0x0000018A2E3DEA90>
2025-05-04 19:15:09,383 - root - INFO -  find todo:<model.todo_model.Todo object at 0x0000018A2E791A90>
2025-05-04 19:15:14,607 - root - INFO -  find todo:<model.todo_model.Todo object at 0x0000018A2E791A20>
2025-05-04 19:26:53,507 - root - INFO -  find todo:<model.todo_model.Todo object at 0x0000018A2E792040>
